blelibrary/build/intermediates/manifest_merge_blame_file/debug/manifest-merger-blame-debug-report.txt
1<?xml version="1.0" encoding="utf-8"?>
2<!--
3~~~~~~~~~~~~~~~~~~~~~~~~~~~~~~~~~~~~~~~~~~~~~~~~~~~~~~~~~~~~~~~~~~~~~~~~~~~~~~~~~~~~~~~~~~~~~~~
4  ~ Copyright 2017 Qualcomm Technologies International, Ltd.                                      ~
5  ~~~~~~~~~~~~~~~~~~~~~~~~~~~~~~~~~~~~~~~~~~~~~~~~~~~~~~~~~~~~~~~~~~~~~~~~~~~~~~~~~~~~~~~~~~~~~~~
6-->
7<manifest xmlns:android="http://schemas.android.com/apk/res/android"
8    package="com.qualcomm.qti.libraries.ble"
9    android:versionCode="2"
10    android:versionName="1.2.1.2" >
11
12    <uses-sdk
13        android:minSdkVersion="19"
13-->src\main\AndroidManifest.xml
14        android:targetSdkVersion="27" />
14-->src\main\AndroidManifest.xml
15
16    <uses-permission android:name="android.permission.BLUETOOTH" />
16-->src\main\AndroidManifest.xml:8:5-68
16-->src\main\AndroidManifest.xml:8:22-65
17    <uses-permission android:name="android.permission.BLUETOOTH_ADMIN" />
17-->src\main\AndroidManifest.xml:9:5-74
17-->src\main\AndroidManifest.xml:9:22-71
18
19    <application
19-->src\main\AndroidManifest.xml:11:5-15:19
20        android:allowBackup="true"
20-->src\main\AndroidManifest.xml:11:18-44
21        android:label="@string/app_name"
21-->src\main\AndroidManifest.xml:12:18-50
22        android:supportsRtl="true" >
22-->src\main\AndroidManifest.xml:13:18-44
23    </application>
24
25</manifest>